<?xml version="1.0" encoding="UTF-8"?>
<testsuite xmlns:xsi="http://www.w3.org/2001/XMLSchema-instance" xsi:noNamespaceSchemaLocation="https://maven.apache.org/surefire/maven-surefire-plugin/xsd/surefire-test-report-3.0.xsd" version="3.0" name="com.javahongkong.bootcamp.exercise.HiddenTest" time="0.086" tests="6" errors="0" skipped="0" failures="0">
  <properties>
    <property name="java.specification.version" value="17"/>
    <property name="sun.cpu.isalist" value="amd64"/>
    <property name="sun.jnu.encoding" value="MS950"/>
    <property name="java.class.path" value="C:\users\rain\github\bootcamp\banking-system\target\test-classes;C:\users\rain\github\bootcamp\banking-system\target\classes;C:\Users\Rain\.m2\repository\junit\junit\4.12\junit-4.12.jar;C:\Users\Rain\.m2\repository\org\hamcrest\hamcrest-core\1.3\hamcrest-core-1.3.jar;"/>
    <property name="java.vm.vendor" value="Azul Systems, Inc."/>
    <property name="sun.arch.data.model" value="64"/>
    <property name="user.variant" value=""/>
    <property name="java.vendor.url" value="http://www.azul.com/"/>
    <property name="user.timezone" value="Asia/Shanghai"/>
    <property name="os.name" value="Windows 11"/>
    <property name="java.vm.specification.version" value="17"/>
    <property name="sun.java.launcher" value="SUN_STANDARD"/>
    <property name="user.country" value="HK"/>
    <property name="sun.boot.library.path" value="C:\software\zulu17.46.19-ca-jdk17.0.9-win_x64\bin"/>
    <property name="sun.java.command" value="C:\Users\Rain\AppData\Local\Temp\surefire11368187510402418996\surefirebooter-20240124163819367_3.jar C:\Users\Rain\AppData\Local\Temp\surefire11368187510402418996 2024-01-24T16-38-19_171-jvmRun1 surefire-20240124163819367_1tmp surefire_0-20240124163819367_2tmp"/>
    <property name="jdk.debug" value="release"/>
    <property name="surefire.test.class.path" value="C:\users\rain\github\bootcamp\banking-system\target\test-classes;C:\users\rain\github\bootcamp\banking-system\target\classes;C:\Users\Rain\.m2\repository\junit\junit\4.12\junit-4.12.jar;C:\Users\Rain\.m2\repository\org\hamcrest\hamcrest-core\1.3\hamcrest-core-1.3.jar;"/>
    <property name="sun.cpu.endian" value="little"/>
    <property name="user.home" value="C:\Users\Rain"/>
    <property name="user.language" value="zh"/>
    <property name="java.specification.vendor" value="Oracle Corporation"/>
    <property name="java.version.date" value="2023-10-17"/>
    <property name="java.home" value="C:\software\zulu17.46.19-ca-jdk17.0.9-win_x64"/>
    <property name="file.separator" value="\"/>
    <property name="basedir" value="C:\users\rain\github\bootcamp\banking-system"/>
    <property name="java.vm.compressedOopsMode" value="Zero based"/>
    <property name="line.separator" value="&#10;"/>
    <property name="java.vm.specification.vendor" value="Oracle Corporation"/>
    <property name="java.specification.name" value="Java Platform API Specification"/>
    <property name="surefire.real.class.path" value="C:\Users\Rain\AppData\Local\Temp\surefire11368187510402418996\surefirebooter-20240124163819367_3.jar"/>
    <property name="user.script" value=""/>
    <property name="sun.management.compiler" value="HotSpot 64-Bit Tiered Compilers"/>
    <property name="java.runtime.version" value="17.0.9+8-LTS"/>
    <property name="user.name" value="Rain"/>
    <property name="path.separator" value=";"/>
    <property name="os.version" value="10.0"/>
    <property name="java.runtime.name" value="OpenJDK Runtime Environment"/>
    <property name="file.encoding" value="MS950"/>
    <property name="java.vm.name" value="OpenJDK 64-Bit Server VM"/>
    <property name="java.vendor.version" value="Zulu17.46+19-CA"/>
    <property name="localRepository" value="C:\Users\Rain\.m2\repository"/>
    <property name="java.vendor.url.bug" value="http://www.azul.com/support/"/>
    <property name="java.io.tmpdir" value="C:\Users\Rain\AppData\Local\Temp\"/>
    <property name="java.version" value="17.0.9"/>
    <property name="user.dir" value="C:\Users\Rain\github\bootcamp\banking-system"/>
    <property name="os.arch" value="amd64"/>
    <property name="java.vm.specification.name" value="Java Virtual Machine Specification"/>
    <property name="sun.os.patch.level" value=""/>
    <property name="native.encoding" value="MS950"/>
    <property name="java.library.path" value="C:\software\zulu17.46.19-ca-jdk17.0.9-win_x64\bin;C:\WINDOWS\Sun\Java\bin;C:\WINDOWS\system32;C:\WINDOWS;C:\Users\Rain\bin;C:\software\Git\mingw64\bin;C:\software\Git\usr\local\bin;C:\software\Git\usr\bin;C:\software\Git\usr\bin;C:\software\Git\mingw64\bin;C:\software\Git\usr\bin;C:\Users\Rain\bin;C:\Program Files (x86)\VMware\VMware Workstation\bin;C:\Windows\system32;C:\Windows;C:\Windows\System32\Wbem;C:\Windows\System32\WindowsPowerShell\v1.0;C:\Windows\System32\OpenSSH;C:\Program Files (x86)\NVIDIA Corporation\PhysX\Common;C:\Program Files\NVIDIA Corporation\NVIDIA NvDLISR;C:\WINDOWS\system32;C:\WINDOWS;C:\WINDOWS\System32\Wbem;C:\WINDOWS\System32\WindowsPowerShell\v1.0;C:\WINDOWS\System32\OpenSSH;C:\Program Files\dotnet;C:\software\zulu17.46.19-ca-jdk17.0.9-win_x64\bin;C:\software\Git\usr\bin;C:\software\apache-maven-3.9.6\bin;C:\Users\Rain\AppData\Local\Programs\Microsoft VS Code\bin;C:\Program Files\MySQL\MySQL Shell 8.0\bin;C:\Users\Rain\AppData\Local\Microsoft\WindowsApps;C:\Users\Rain\.dotnet\tools;C:\Users\Rain\AppData\Local\Programs\Microsoft VS Code\bin;C:\software\Git\usr\bin\vendor_perl;C:\software\Git\usr\bin\core_perl;."/>
    <property name="java.vm.info" value="mixed mode, sharing"/>
    <property name="java.vendor" value="Azul Systems, Inc."/>
    <property name="java.vm.version" value="17.0.9+8-LTS"/>
    <property name="sun.io.unicode.encoding" value="UnicodeLittle"/>
    <property name="java.class.version" value="61.0"/>
  </properties>
  <testcase name="bankCreditTest" classname="com.javahongkong.bootcamp.exercise.HiddenTest" time="0.03"/>
  <testcase name="debitTest" classname="com.javahongkong.bootcamp.exercise.HiddenTest" time="0.004"/>
  <testcase name="transactionTest2" classname="com.javahongkong.bootcamp.exercise.HiddenTest" time="0.001"/>
  <testcase name="invalidPinTransaction" classname="com.javahongkong.bootcamp.exercise.HiddenTest" time="0.001"/>
  <testcase name="transactionTest" classname="com.javahongkong.bootcamp.exercise.HiddenTest" time="0.0"/>
  <testcase name="invalidAccountNumberTest" classname="com.javahongkong.bootcamp.exercise.HiddenTest" time="0.0"/>
</testsuite>